"Testing integer expressions:" ==>
Trace line 1: 'Testing integer expressions:'
42 ==>
Trace line 2: 42
- 1017 ==>
Trace line 3: -1017
- 2 + 5 * 7 ==>
Trace line 4: 33
8 // 2 * (2 + 2) ==>
Trace line 5: 16
"Testing float expressions:" ==>
Trace line 7: 'Testing float expressions:'
42,000000 ==>
Trace line 8: 42.0
- 1017,100000 ==>
Trace line 9: -1017.1
1,414200 * 1,414200 ==>
Trace line 10: 1.9999616399999998
- 2 + 5,000000 * 7 ==>
Trace line 11: 33.0
"Testing string expressions" ==>
Trace line 13: 'Testing string expressions'
"Abc" ==>
Trace line 14: 'Abc'
"x" * 10 ==>
Trace line 15: 'xxxxxxxxxx'
"Abra" + "ka" + "dabra" ==>
Trace line 16: 'Abrakadabra'
"Testing boolean expressions" ==>
Trace line 18: 'Testing boolean expressions'
not False ==>
Trace line 19: True
"To be" or "not to be" ==>
Trace line 20: 'To be'
"Yes" and 3,140000 ==>
Trace line 21: 3.14
False or True or 144 or "?" ==>
Trace line 22: True
"Testing comparisons" ==>
Trace line 24: 'Testing comparisons'
1 < 0 ==>
Trace line 25: False
1 <= 2 <= 3 ==>
Trace line 26: True
"Testing lists" ==>
Trace line 28: 'Testing lists'
[] ==>
Trace line 29: []
[- 1, 0, 1] * (2) ==>
Trace line 30: [-1, 0, 1, -1, 0, 1]
[101, 102, 103][1] ==>
Trace line 31: 102
"Testing dictionaries" ==>
Trace line 33: 'Testing dictionaries'
{"A":"a", "B":1 + 2} ==>
Trace line 34: {'A': 'a', 'B': 3}
{"Ja":1, "Nei":0}["Ja"] ==>
Trace line 35: 1
